<?xml version="1.0" encoding="UTF-8"?>
<testsuite name="TestTheFunctionWith" tests="2" skipped="0" failures="0" errors="0" timestamp="2023-04-19T18:43:43" hostname="JOSHIS_PC" time="0.005">
  <properties/>
  <testcase name="testCreateString" classname="TestTheFunctionWith" time="0.004"/>
  <testcase name="testCreateMap" classname="TestTheFunctionWith" time="0.001"/>
  <system-out><![CDATA[]]></system-out>
  <system-err><![CDATA[]]></system-err>
</testsuite>
