<?xml version="1.0" encoding="UTF-8"?>
<testsuite name="TestNullableTypes" tests="5" skipped="0" failures="0" errors="0" timestamp="2023-04-19T10:41:30" hostname="roam226026.roam.fh-nuernberg.de" time="0.009">
  <properties/>
  <testcase name="everythingIsOk" classname="TestNullableTypes" time="0.006"/>
  <testcase name="noClient" classname="TestNullableTypes" time="0.0"/>
  <testcase name="noMessage" classname="TestNullableTypes" time="0.001"/>
  <testcase name="noPersonalInfo" classname="TestNullableTypes" time="0.0"/>
  <testcase name="noEmail" classname="TestNullableTypes" time="0.0"/>
  <system-out><![CDATA[]]></system-out>
  <system-err><![CDATA[]]></system-err>
</testsuite>
