<?xml version="1.0" encoding="UTF-8"?>
<testsuite name="TestProperties" tests="1" skipped="0" failures="0" errors="0" timestamp="2023-04-19T17:31:42" hostname="JOSHIS_PC" time="0.002">
  <properties/>
  <testcase name="testPropertyWithCounter" classname="TestProperties" time="0.002"/>
  <system-out><![CDATA[]]></system-out>
  <system-err><![CDATA[]]></system-err>
</testsuite>
