<?xml version="1.0" encoding="UTF-8"?>
<testsuite name="TestHtmlBuilders" tests="2" skipped="0" failures="0" errors="0" timestamp="2023-04-19T18:53:49" hostname="JOSHIS_PC" time="0.042">
  <properties/>
  <testcase name="productTableIsColored" classname="TestHtmlBuilders" time="0.041"/>
  <testcase name="productTableIsFilled" classname="TestHtmlBuilders" time="0.0"/>
  <system-out><![CDATA[]]></system-out>
  <system-err><![CDATA[]]></system-err>
</testsuite>
