<?xml version="1.0" encoding="UTF-8"?>
<testsuite name="TestFilterMap" tests="2" skipped="0" failures="0" errors="0" timestamp="2023-04-19T13:11:07" hostname="roam226026.roam.fh-nuernberg.de" time="0.029">
  <properties/>
  <testcase name="testCitiesCustomersAreFrom" classname="TestFilterMap" time="0.028"/>
  <testcase name="testCustomersFromCity" classname="TestFilterMap" time="0.0"/>
  <system-out><![CDATA[]]></system-out>
  <system-err><![CDATA[]]></system-err>
</testsuite>
