<?xml version="1.0" encoding="UTF-8"?>
<testsuite name="TestIntroduction" tests="1" skipped="0" failures="0" errors="0" timestamp="2023-04-19T12:56:12" hostname="roam226026.roam.fh-nuernberg.de" time="0.028">
  <properties/>
  <testcase name="testSetOfCustomers" classname="TestIntroduction" time="0.028"/>
  <system-out><![CDATA[]]></system-out>
  <system-err><![CDATA[]]></system-err>
</testsuite>
