<?xml version="1.0" encoding="UTF-8"?>
<testsuite name="Test" tests="1" skipped="0" failures="0" errors="0" timestamp="2023-04-19T10:55:38" hostname="roam226026.roam.fh-nuernberg.de" time="0.04">
  <properties/>
  <testcase name="testRandom" classname="Test" time="0.04"/>
  <system-out><![CDATA[]]></system-out>
  <system-err><![CDATA[]]></system-err>
</testsuite>
