<?xml version="1.0" encoding="UTF-8"?>
<testsuite name="TestLambdas" tests="2" skipped="0" failures="0" errors="0" timestamp="2023-04-19T10:43:29" hostname="roam226026.roam.fh-nuernberg.de" time="0.023">
  <properties/>
  <testcase name="contains" classname="TestLambdas" time="0.023"/>
  <testcase name="notContains" classname="TestLambdas" time="0.0"/>
  <system-out><![CDATA[]]></system-out>
  <system-err><![CDATA[]]></system-err>
</testsuite>
