<?xml version="1.0" encoding="UTF-8"?>
<testsuite name="TestStringAndMapBuilders" tests="1" skipped="0" failures="0" errors="0" timestamp="2023-04-19T18:40:52" hostname="JOSHIS_PC" time="0.003">
  <properties/>
  <testcase name="testBuildMap" classname="TestStringAndMapBuilders" time="0.003"/>
  <system-out><![CDATA[]]></system-out>
  <system-err><![CDATA[]]></system-err>
</testsuite>
