<?xml version="1.0" encoding="UTF-8"?>
<testsuite name="Test" tests="1" skipped="0" failures="0" errors="0" timestamp="2023-08-22T07:16:42" hostname="Joshis-MacBook-Pro-16.local" time="0.089">
  <properties/>
  <testcase name="testSolution()" classname="Test" time="0.089"/>
  <system-out><![CDATA[]]></system-out>
  <system-err><![CDATA[]]></system-err>
</testsuite>
