<?xml version="1.0" encoding="UTF-8"?>
<testsuite name="TestInvoke" tests="2" skipped="0" failures="0" errors="0" timestamp="2023-04-19T12:54:51" hostname="roam226026.roam.fh-nuernberg.de" time="0.008">
  <properties/>
  <testcase name="testInvokeTwice" classname="TestInvoke" time="0.006"/>
  <testcase name="testNumberOfInvocations" classname="TestInvoke" time="0.001"/>
  <system-out><![CDATA[]]></system-out>
  <system-err><![CDATA[]]></system-err>
</testsuite>
