<?xml version="1.0" encoding="UTF-8"?>
<testsuite name="TestDelegatesHowItWorks" tests="1" skipped="0" failures="0" errors="0" timestamp="2023-04-19T18:33:10" hostname="JOSHIS_PC" time="0.01">
  <properties/>
  <testcase name="testDate" classname="TestDelegatesHowItWorks" time="0.01"/>
  <system-out><![CDATA[]]></system-out>
  <system-err><![CDATA[]]></system-err>
</testsuite>
