<?xml version="1.0" encoding="UTF-8"?>
<testsuite name="TestForLoop" tests="2" skipped="0" failures="0" errors="0" timestamp="2023-04-19T12:40:56" hostname="roam226026.roam.fh-nuernberg.de" time="0.013">
  <properties/>
  <testcase name="testIterateOverDateRange" classname="TestForLoop" time="0.012"/>
  <testcase name="testIterateOverEmptyRange" classname="TestForLoop" time="0.001"/>
  <system-out><![CDATA[]]></system-out>
  <system-err><![CDATA[]]></system-err>
</testsuite>
