<?xml version="1.0" encoding="UTF-8"?>
<testsuite name="TestDataClasses" tests="2" skipped="0" failures="0" errors="0" timestamp="2023-04-19T10:48:20" hostname="roam226026.roam.fh-nuernberg.de" time="0.026">
  <properties/>
  <testcase name="testComparePeople" classname="TestDataClasses" time="0.005"/>
  <testcase name="testListOfPeople" classname="TestDataClasses" time="0.02"/>
  <system-out><![CDATA[]]></system-out>
  <system-err><![CDATA[]]></system-err>
</testsuite>
