<?xml version="1.0" encoding="UTF-8"?>
<testsuite name="TestFlatMap" tests="2" skipped="0" failures="0" errors="0" timestamp="2023-04-19T14:47:35" hostname="roam226026.roam.fh-nuernberg.de" time="0.044">
  <properties/>
  <testcase name="testGetOrderedProductsSet" classname="TestFlatMap" time="0.041"/>
  <testcase name="testGetAllOrderedProducts" classname="TestFlatMap" time="0.003"/>
  <system-out><![CDATA[]]></system-out>
  <system-err><![CDATA[]]></system-err>
</testsuite>
