<?xml version="1.0" encoding="UTF-8"?>
<testsuite name="TestGenericFunctions" tests="2" skipped="0" failures="0" errors="0" timestamp="2023-04-20T09:57:34" hostname="roam226026.roam.fh-nuernberg.de" time="0.041">
  <properties/>
  <testcase name="testPartitionLettersAndOtherSymbols" classname="TestGenericFunctions" time="0.027"/>
  <testcase name="testPartitionWordsAndLines" classname="TestGenericFunctions" time="0.014"/>
  <system-out><![CDATA[]]></system-out>
  <system-err><![CDATA[]]></system-err>
</testsuite>
