<?xml version="1.0" encoding="UTF-8"?>
<testsuite name="TestSealedClasses" tests="3" skipped="0" failures="0" errors="0" timestamp="2023-04-19T10:54:21" hostname="roam226026.roam.fh-nuernberg.de" time="0.007">
  <properties/>
  <testcase name="testNum" classname="TestSealedClasses" time="0.005"/>
  <testcase name="testSum" classname="TestSealedClasses" time="0.001"/>
  <testcase name="testRecursion" classname="TestSealedClasses" time="0.0"/>
  <system-out><![CDATA[]]></system-out>
  <system-err><![CDATA[]]></system-err>
</testsuite>
